<?xml version="1.0" encoding="UTF-8"?>
<!-- Generated by org.testng.reporters.JUnitReportReporter -->
<testsuite skipped="0" hostname="LAPTOP-VUGTJ31C" name="org.etsbytes.testcases.HomepageTest" tests="1" failures="0" timestamp="2022-01-09T18:07:09 IST" time="7.995" errors="0">
  <testcase name="loginTest" time="7.995" classname="org.etsbytes.testcases.HomepageTest"/>
  <system-out/>
</testsuite> <!-- org.etsbytes.testcases.HomepageTest -->
