<?xml version="1.0" encoding="UTF-8"?>
<!-- Generated by org.testng.reporters.JUnitReportReporter -->
<testsuite skipped="0" hostname="LAPTOP-VUGTJ31C" name="org.etsbytes.testcases.LoginTest" tests="1" failures="0" timestamp="2022-01-03T11:21:18 IST" time="14.014" errors="0">
  <testcase name="loginTest" time="14.014" classname="org.etsbytes.testcases.LoginTest"/>
  <system-out/>
</testsuite> <!-- org.etsbytes.testcases.LoginTest -->
